[2019/11/11 09:52:25]([DEBUG][2019/11/11 09:52:25]([INFO][2019/11/11 09:52:31]([DEBUG][2019/11/11 09:52:34]([DEBUG][2019/11/11 09:52:35]([DEBUG][2019/11/11 09:52:35]([DEBUG][2019/11/11 09:52:35]([DEBUG][2019/11/11 09:53:29]([INFO][2019/11/11 09:53:29]([DEBUG][2019/11/11 09:53:29]([DEBUG][2019/11/11 09:53:29]([INFO][2019/11/11 09:53:29]([DEBUG][2019/11/11 09:53:29]([DEBUG][2019/11/11 09:53:29]([DEBUG][2019/11/11 09:53:31]([DEBUG][2019/11/11 10:06:56]([DEBUG][2019/11/11 10:06:56]([INFO][2019/11/11 10:07:02]([DEBUG][2019/11/11 10:07:07]([DEBUG][2019/11/11 10:07:07]([DEBUG][2019/11/11 10:07:07]([DEBUG][2019/11/11 10:07:07]([DEBUG][2019/11/11 10:07:30]([INFO][2019/11/11 10:07:30]([DEBUG][2019/11/11 10:07:31]([DEBUG][2019/11/11 10:07:31]([INFO][2019/11/11 10:07:31]([DEBUG][2019/11/11 10:07:31]([DEBUG][2019/11/11 10:07:31]([DEBUG][2019/11/11 10:07:32]([DEBUG][2019/11/11 10:10:44]([DEBUG][2019/11/11 10:10:44]([DEBUG][2019/11/11 10:10:44]([DEBUG][2019/11/11 10:10:44]([DEBUG][2019/11/11 10:10:45]([DEBUG][2019/11/11 10:10:45]([DEBUG][2019/11/11 10:10:45]([DEBUG][2019/11/11 10:13:52]([DEBUG][2019/11/11 10:13:52]([DEBUG][2019/11/11 10:13:52]([DEBUG][2019/11/11 10:13:52]([DEBUG][2019/11/11 10:13:53]([DEBUG][2019/11/11 10:13:53]([DEBUG][2019/11/11 10:13:53]([DEBUG][2019/11/11 10:13:56]([DEBUG][2019/11/11 10:13:56]([DEBUG][2019/11/11 10:13:56]([DEBUG][2019/11/11 10:13:56]([DEBUG][2019/11/11 10:13:56]([DEBUG][2019/11/11 10:13:56]([DEBUG][2019/11/11 10:13:56]([DEBUG][2019/11/11 10:13:57]([DEBUG][2019/11/11 10:13:57]([DEBUG][2019/11/11 10:13:57]([DEBUG][2019/11/11 10:13:57]([DEBUG][2019/11/11 10:13:57]([DEBUG][2019/11/11 10:13:57]([DEBUG][2019/11/11 10:13:57]([DEBUG][2019/11/11 10:19:08]([DEBUG][2019/11/11 10:19:08]([INFO][2019/11/11 10:19:11]([DEBUG][2019/11/11 10:19:12]([DEBUG][2019/11/11 10:19:12]([DEBUG][2019/11/11 10:19:12]([DEBUG][2019/11/11 10:19:12]([DEBUG][2019/11/11 10:23:06]([INFO][2019/11/11 10:23:06]([DEBUG][2019/11/11 10:23:06]([DEBUG][2019/11/11 10:23:06]([INFO][2019/11/11 10:23:06]([DEBUG][2019/11/11 10:23:06]([DEBUG][2019/11/11 10:23:06]([DEBUG][2019/11/11 10:23:06]([DEBUG][2019/11/11 10:23:26]([DEBUG][2019/11/11 10:23:26]([DEBUG][2019/11/11 10:23:26]([DEBUG][2019/11/11 10:23:26]([DEBUG][2019/11/11 10:23:26]([DEBUG][2019/11/11 10:23:26]([DEBUG][2019/11/11 10:23:26]([DEBUG][2019/11/11 10:23:28]([DEBUG][2019/11/11 10:23:28]([DEBUG][2019/11/11 10:23:28]([DEBUG][2019/11/11 10:23:28]([DEBUG][2019/11/11 10:23:28]([DEBUG][2019/11/11 10:23:28]([DEBUG][2019/11/11 10:23:28]([DEBUG][2019/11/11 10:23:39]([DEBUG][2019/11/11 10:23:39]([DEBUG][2019/11/11 10:23:39]([DEBUG][2019/11/11 10:23:39]([DEBUG][2019/11/11 10:23:39]([DEBUG][2019/11/11 10:23:39]([DEBUG][2019/11/11 10:23:39]([DEBUG][2019/11/11 10:29:48]([DEBUG][2019/11/11 10:29:48]([DEBUG][2019/11/11 10:29:48]([DEBUG][2019/11/11 10:29:48]([DEBUG][2019/11/11 10:30:11]([DEBUG][2019/11/11 10:30:11]([DEBUG][2019/11/11 10:30:11]([DEBUG][2019/11/11 10:30:11]([DEBUG][2019/11/11 10:30:11]([DEBUG][2019/11/11 10:30:11]([DEBUG][2019/11/11 10:30:11]([DEBUG][2019/11/11 10:30:14]([DEBUG][2019/11/11 10:30:14]([DEBUG][2019/11/11 10:30:14]([DEBUG][2019/11/11 10:30:14]([DEBUG][2019/11/11 10:30:14]([DEBUG][2019/11/11 10:30:14]([DEBUG][2019/11/11 10:30:14]([DEBUG][2019/11/11 10:30:15]([DEBUG][2019/11/11 10:30:15]([DEBUG][2019/11/11 10:30:15]([DEBUG][2019/11/11 10:30:15]([DEBUG][2019/11/11 10:30:15]([DEBUG][2019/11/11 10:30:15]([DEBUG][2019/11/11 10:30:15]([DEBUG][2019/11/11 10:30:42]([DEBUG][2019/11/11 10:30:42]([DEBUG][2019/11/11 10:30:42]([DEBUG][2019/11/11 10:30:42]([DEBUG][2019/11/11 10:30:42]([DEBUG][2019/11/11 10:30:42]([DEBUG][2019/11/11 10:30:42]([DEBUG][2019/11/11 10:30:43]([DEBUG][2019/11/11 10:30:43]([DEBUG][2019/11/11 10:30:43]([DEBUG][2019/11/11 10:30:43]([DEBUG][2019/11/11 10:30:43]([DEBUG][2019/11/11 10:30:43]([DEBUG][2019/11/11 10:30:43]([DEBUG][2019/11/11 10:31:20]([DEBUG][2019/11/11 10:31:20]([INFO][2019/11/11 10:31:25]([DEBUG][2019/11/11 10:31:28]([DEBUG][2019/11/11 10:31:28]([DEBUG][2019/11/11 10:31:28]([DEBUG][2019/11/11 10:31:28]([DEBUG][2019/11/11 10:31:59]([INFO][2019/11/11 10:31:59]([DEBUG][2019/11/11 10:31:59]([DEBUG][2019/11/11 10:31:59]([INFO][2019/11/11 10:31:59]([DEBUG][2019/11/11 10:31:59]([DEBUG][2019/11/11 10:31:59]([DEBUG][2019/11/11 10:32:01]([DEBUG][2019/11/11 10:32:01]([DEBUG][2019/11/11 10:32:01]([DEBUG][2019/11/11 10:32:01]([DEBUG][2019/11/11 10:34:13]([DEBUG][2019/11/11 10:34:13]([INFO][2019/11/11 10:34:18]([DEBUG][2019/11/11 10:34:19]([DEBUG][2019/11/11 10:34:19]([DEBUG][2019/11/11 10:34:19]([DEBUG][2019/11/11 10:34:19]([DEBUG][2019/11/11 10:36:36]([INFO][2019/11/11 10:36:36]([DEBUG][2019/11/11 10:36:36]([DEBUG][2019/11/11 10:36:36]([INFO][2019/11/11 10:36:36]([DEBUG][2019/11/11 10:36:36]([DEBUG][2019/11/11 10:36:36]([DEBUG][2019/11/11 10:36:36]([DEBUG]org.thymeleaf.exceptions.TemplateInputException: Error resolving template [sample5], template might not exist or might not be accessible by any of the configured Template Resolvers
	at org.thymeleaf.engine.TemplateManager.resolveTemplate(TemplateManager.java:869)
	at org.thymeleaf.engine.TemplateManager.parseAndProcess(TemplateManager.java:607)
	at org.thymeleaf.TemplateEngine.process(TemplateEngine.java:1098)
	at org.thymeleaf.TemplateEngine.process(TemplateEngine.java:1072)
	at org.thymeleaf.spring5.view.ThymeleafView.renderFragment(ThymeleafView.java:362)
	at org.thymeleaf.spring5.view.ThymeleafView.render(ThymeleafView.java:189)
	at org.springframework.web.servlet.DispatcherServlet.render(DispatcherServlet.java:1370)
	at org.springframework.web.servlet.DispatcherServlet.processDispatchResult(DispatcherServlet.java:1116)
	at org.springframework.web.servlet.DispatcherServlet.doDispatch(DispatcherServlet.java:1055)
	at org.springframework.web.servlet.DispatcherServlet.doService(DispatcherServlet.java:942)
	at org.springframework.web.servlet.FrameworkServlet.processRequest(FrameworkServlet.java:1005)
	at org.springframework.web.servlet.FrameworkServlet.doGet(FrameworkServlet.java:897)
	at javax.servlet.http.HttpServlet.service(HttpServlet.java:634)
	at org.springframework.web.servlet.FrameworkServlet.service(FrameworkServlet.java:882)
	at javax.servlet.http.HttpServlet.service(HttpServlet.java:741)
	at org.apache.catalina.core.ApplicationFilterChain.internalDoFilter(ApplicationFilterChain.java:231)
	at org.apache.catalina.core.ApplicationFilterChain.doFilter(ApplicationFilterChain.java:166)
	at org.apache.tomcat.websocket.server.WsFilter.doFilter(WsFilter.java:53)
	at org.apache.catalina.core.ApplicationFilterChain.internalDoFilter(ApplicationFilterChain.java:193)
	at org.apache.catalina.core.ApplicationFilterChain.doFilter(ApplicationFilterChain.java:166)
	at org.springframework.web.filter.RequestContextFilter.doFilterInternal(RequestContextFilter.java:99)
	at org.springframework.web.filter.OncePerRequestFilter.doFilter(OncePerRequestFilter.java:107)
	at org.apache.catalina.core.ApplicationFilterChain.internalDoFilter(ApplicationFilterChain.java:193)
	at org.apache.catalina.core.ApplicationFilterChain.doFilter(ApplicationFilterChain.java:166)
	at org.springframework.web.filter.FormContentFilter.doFilterInternal(FormContentFilter.java:92)
	at org.springframework.web.filter.OncePerRequestFilter.doFilter(OncePerRequestFilter.java:107)
	at org.apache.catalina.core.ApplicationFilterChain.internalDoFilter(ApplicationFilterChain.java:193)
	at org.apache.catalina.core.ApplicationFilterChain.doFilter(ApplicationFilterChain.java:166)
	at org.springframework.web.filter.HiddenHttpMethodFilter.doFilterInternal(HiddenHttpMethodFilter.java:93)
	at org.springframework.web.filter.OncePerRequestFilter.doFilter(OncePerRequestFilter.java:107)
	at org.apache.catalina.core.ApplicationFilterChain.internalDoFilter(ApplicationFilterChain.java:193)
	at org.apache.catalina.core.ApplicationFilterChain.doFilter(ApplicationFilterChain.java:166)
	at org.springframework.web.filter.CharacterEncodingFilter.doFilterInternal(CharacterEncodingFilter.java:200)
	at org.springframework.web.filter.OncePerRequestFilter.doFilter(OncePerRequestFilter.java:107)
	at org.apache.catalina.core.ApplicationFilterChain.internalDoFilter(ApplicationFilterChain.java:193)
	at org.apache.catalina.core.ApplicationFilterChain.doFilter(ApplicationFilterChain.java:166)
	at org.apache.catalina.core.StandardWrapperValve.invoke(StandardWrapperValve.java:202)
	at org.apache.catalina.core.StandardContextValve.invoke(StandardContextValve.java:96)
	at org.apache.catalina.authenticator.AuthenticatorBase.invoke(AuthenticatorBase.java:490)
	at org.apache.catalina.core.StandardHostValve.invoke(StandardHostValve.java:139)
	at org.apache.catalina.valves.ErrorReportValve.invoke(ErrorReportValve.java:92)
	at org.apache.catalina.core.StandardEngineValve.invoke(StandardEngineValve.java:74)
	at org.apache.catalina.connector.CoyoteAdapter.service(CoyoteAdapter.java:343)
	at org.apache.coyote.http11.Http11Processor.service(Http11Processor.java:408)
	at org.apache.coyote.AbstractProcessorLight.process(AbstractProcessorLight.java:66)
	at org.apache.coyote.AbstractProtocol$ConnectionHandler.process(AbstractProtocol.java:853)
	at org.apache.tomcat.util.net.NioEndpoint$SocketProcessor.doRun(NioEndpoint.java:1587)
	at org.apache.tomcat.util.net.SocketProcessorBase.run(SocketProcessorBase.java:49)
	at java.util.concurrent.ThreadPoolExecutor.runWorker(ThreadPoolExecutor.java:1149)
	at java.util.concurrent.ThreadPoolExecutor$Worker.run(ThreadPoolExecutor.java:624)
	at org.apache.tomcat.util.threads.TaskThread$WrappingRunnable.run(TaskThread.java:61)
	at java.lang.Thread.run(Thread.java:748)
[2019/11/11 10:36:36]([DEBUG][2019/11/11 10:36:36]([DEBUG][2019/11/11 10:36:36]([DEBUG][2019/11/11 10:36:36]([DEBUG][2019/11/11 10:36:36]([DEBUG][2019/11/11 10:37:10]([DEBUG][2019/11/11 10:37:10]([INFO][2019/11/11 10:37:16]([DEBUG][2019/11/11 10:37:19]([DEBUG][2019/11/11 10:37:20]([DEBUG][2019/11/11 10:37:20]([DEBUG][2019/11/11 10:37:20]([DEBUG][2019/11/11 10:37:42]([INFO][2019/11/11 10:37:42]([DEBUG][2019/11/11 10:37:42]([DEBUG][2019/11/11 10:37:42]([INFO][2019/11/11 10:37:42]([DEBUG][2019/11/11 10:37:42]([DEBUG][2019/11/11 10:37:42]([DEBUG][2019/11/11 10:37:42]([DEBUG]org.thymeleaf.exceptions.TemplateInputException: Error resolving template [sample5], template might not exist or might not be accessible by any of the configured Template Resolvers
	at org.thymeleaf.engine.TemplateManager.resolveTemplate(TemplateManager.java:869)
	at org.thymeleaf.engine.TemplateManager.parseAndProcess(TemplateManager.java:607)
	at org.thymeleaf.TemplateEngine.process(TemplateEngine.java:1098)
	at org.thymeleaf.TemplateEngine.process(TemplateEngine.java:1072)
	at org.thymeleaf.spring5.view.ThymeleafView.renderFragment(ThymeleafView.java:362)
	at org.thymeleaf.spring5.view.ThymeleafView.render(ThymeleafView.java:189)
	at org.springframework.web.servlet.DispatcherServlet.render(DispatcherServlet.java:1370)
	at org.springframework.web.servlet.DispatcherServlet.processDispatchResult(DispatcherServlet.java:1116)
	at org.springframework.web.servlet.DispatcherServlet.doDispatch(DispatcherServlet.java:1055)
	at org.springframework.web.servlet.DispatcherServlet.doService(DispatcherServlet.java:942)
	at org.springframework.web.servlet.FrameworkServlet.processRequest(FrameworkServlet.java:1005)
	at org.springframework.web.servlet.FrameworkServlet.doGet(FrameworkServlet.java:897)
	at javax.servlet.http.HttpServlet.service(HttpServlet.java:634)
	at org.springframework.web.servlet.FrameworkServlet.service(FrameworkServlet.java:882)
	at javax.servlet.http.HttpServlet.service(HttpServlet.java:741)
	at org.apache.catalina.core.ApplicationFilterChain.internalDoFilter(ApplicationFilterChain.java:231)
	at org.apache.catalina.core.ApplicationFilterChain.doFilter(ApplicationFilterChain.java:166)
	at org.apache.tomcat.websocket.server.WsFilter.doFilter(WsFilter.java:53)
	at org.apache.catalina.core.ApplicationFilterChain.internalDoFilter(ApplicationFilterChain.java:193)
	at org.apache.catalina.core.ApplicationFilterChain.doFilter(ApplicationFilterChain.java:166)
	at org.springframework.web.filter.RequestContextFilter.doFilterInternal(RequestContextFilter.java:99)
	at org.springframework.web.filter.OncePerRequestFilter.doFilter(OncePerRequestFilter.java:107)
	at org.apache.catalina.core.ApplicationFilterChain.internalDoFilter(ApplicationFilterChain.java:193)
	at org.apache.catalina.core.ApplicationFilterChain.doFilter(ApplicationFilterChain.java:166)
	at org.springframework.web.filter.FormContentFilter.doFilterInternal(FormContentFilter.java:92)
	at org.springframework.web.filter.OncePerRequestFilter.doFilter(OncePerRequestFilter.java:107)
	at org.apache.catalina.core.ApplicationFilterChain.internalDoFilter(ApplicationFilterChain.java:193)
	at org.apache.catalina.core.ApplicationFilterChain.doFilter(ApplicationFilterChain.java:166)
	at org.springframework.web.filter.HiddenHttpMethodFilter.doFilterInternal(HiddenHttpMethodFilter.java:93)
	at org.springframework.web.filter.OncePerRequestFilter.doFilter(OncePerRequestFilter.java:107)
	at org.apache.catalina.core.ApplicationFilterChain.internalDoFilter(ApplicationFilterChain.java:193)
	at org.apache.catalina.core.ApplicationFilterChain.doFilter(ApplicationFilterChain.java:166)
	at org.springframework.web.filter.CharacterEncodingFilter.doFilterInternal(CharacterEncodingFilter.java:200)
	at org.springframework.web.filter.OncePerRequestFilter.doFilter(OncePerRequestFilter.java:107)
	at org.apache.catalina.core.ApplicationFilterChain.internalDoFilter(ApplicationFilterChain.java:193)
	at org.apache.catalina.core.ApplicationFilterChain.doFilter(ApplicationFilterChain.java:166)
	at org.apache.catalina.core.StandardWrapperValve.invoke(StandardWrapperValve.java:202)
	at org.apache.catalina.core.StandardContextValve.invoke(StandardContextValve.java:96)
	at org.apache.catalina.authenticator.AuthenticatorBase.invoke(AuthenticatorBase.java:490)
	at org.apache.catalina.core.StandardHostValve.invoke(StandardHostValve.java:139)
	at org.apache.catalina.valves.ErrorReportValve.invoke(ErrorReportValve.java:92)
	at org.apache.catalina.core.StandardEngineValve.invoke(StandardEngineValve.java:74)
	at org.apache.catalina.connector.CoyoteAdapter.service(CoyoteAdapter.java:343)
	at org.apache.coyote.http11.Http11Processor.service(Http11Processor.java:408)
	at org.apache.coyote.AbstractProcessorLight.process(AbstractProcessorLight.java:66)
	at org.apache.coyote.AbstractProtocol$ConnectionHandler.process(AbstractProtocol.java:853)
	at org.apache.tomcat.util.net.NioEndpoint$SocketProcessor.doRun(NioEndpoint.java:1587)
	at org.apache.tomcat.util.net.SocketProcessorBase.run(SocketProcessorBase.java:49)
	at java.util.concurrent.ThreadPoolExecutor.runWorker(ThreadPoolExecutor.java:1149)
	at java.util.concurrent.ThreadPoolExecutor$Worker.run(ThreadPoolExecutor.java:624)
	at org.apache.tomcat.util.threads.TaskThread$WrappingRunnable.run(TaskThread.java:61)
	at java.lang.Thread.run(Thread.java:748)
[2019/11/11 10:37:43]([DEBUG][2019/11/11 10:37:43]([DEBUG][2019/11/11 10:37:43]([DEBUG][2019/11/11 10:37:43]([DEBUG][2019/11/11 10:37:43]([DEBUG][2019/11/11 10:37:43]([DEBUG][2019/11/11 10:37:43]([DEBUG][2019/11/11 10:37:43]([DEBUG][2019/11/11 10:38:07]([DEBUG][2019/11/11 10:38:07]([DEBUG][2019/11/11 10:38:07]([DEBUG][2019/11/11 10:38:07]([DEBUG][2019/11/11 10:38:07]([DEBUG][2019/11/11 10:38:07]([DEBUG][2019/11/11 10:38:07]([DEBUG][2019/11/11 10:41:00]([DEBUG][2019/11/11 10:41:00]([INFO][2019/11/11 10:41:05]([DEBUG][2019/11/11 10:41:06]([DEBUG][2019/11/11 10:41:06]([DEBUG][2019/11/11 10:41:06]([DEBUG][2019/11/11 10:41:06]([DEBUG][2019/11/11 10:41:39]([DEBUG][2019/11/11 10:41:39]([INFO][2019/11/11 10:41:41]([DEBUG][2019/11/11 10:41:41]([DEBUG][2019/11/11 10:41:41]([DEBUG][2019/11/11 10:41:41]([DEBUG][2019/11/11 10:41:42]([DEBUG][2019/11/11 10:42:17]([DEBUG][2019/11/11 10:42:17]([INFO][2019/11/11 10:42:19]([DEBUG][2019/11/11 10:42:20]([DEBUG][2019/11/11 10:42:20]([DEBUG][2019/11/11 10:42:20]([DEBUG][2019/11/11 10:42:20]([DEBUG][2019/11/11 10:43:22]([DEBUG][2019/11/11 10:43:22]([INFO][2019/11/11 10:43:23]([DEBUG][2019/11/11 10:43:23]([DEBUG][2019/11/11 10:43:23]([DEBUG][2019/11/11 10:43:23]([DEBUG][2019/11/11 10:43:23]([DEBUG]