2019-10-24 09:26:14.498  INFO 12660 --- [Thread-8] o.s.s.c.ThreadPoolTaskExecutor           : Shutting down ExecutorService 'applicationTaskExecutor'
2019-10-24 09:26:15.634  INFO 12660 --- [restartedMain] c.t.b.TynPa01StartApplication            : Starting TynPa01StartApplication on DESKTOP-LVR169M with PID 12660 (C:\Users\TY\git\SpringBootMvcSecurity\target\classes started by TY in C:\Users\TY\git\SpringBootMvcSecurity)
2019-10-24 09:26:15.635 DEBUG 12660 --- [restartedMain] c.t.b.TynPa01StartApplication            : Running with Spring Boot v2.1.6.RELEASE, Spring v5.1.6.RELEASE
2019-10-24 09:26:15.635  INFO 12660 --- [restartedMain] c.t.b.TynPa01StartApplication            : The following profiles are active: test
2019-10-24 09:26:16.629  INFO 12660 --- [restartedMain] o.s.b.w.e.t.TomcatWebServer              : Tomcat initialized with port(s): 8888 (http)
2019-10-24 09:26:16.631  INFO 12660 --- [restartedMain] o.a.c.c.StandardService                  : Starting service [Tomcat]
2019-10-24 09:26:16.631  INFO 12660 --- [restartedMain] o.a.c.c.StandardEngine                   : Starting Servlet engine: [Apache Tomcat/9.0.21]
2019-10-24 09:26:16.695  INFO 12660 --- [restartedMain] o.a.c.c.C.[.[.[/]                        : Initializing Spring embedded WebApplicationContext
2019-10-24 09:26:16.696  INFO 12660 --- [restartedMain] o.s.w.c.ContextLoader                    : Root WebApplicationContext: initialization completed in 1054 ms
2019-10-24 09:26:16.806  INFO 12660 --- [restartedMain] o.s.s.c.ThreadPoolTaskExecutor           : Initializing ExecutorService 'applicationTaskExecutor'
2019-10-24 09:26:16.843  INFO 12660 --- [restartedMain] o.s.b.a.w.s.WelcomePageHandlerMapping    : Adding welcome page: class path resource [static/index.html]
2019-10-24 09:26:16.931  INFO 12660 --- [restartedMain] o.s.b.d.a.OptionalLiveReloadServer       : LiveReload server is running on port 35729
2019-10-24 09:26:16.961  INFO 12660 --- [restartedMain] o.s.b.w.e.t.TomcatWebServer              : Tomcat started on port(s): 8888 (http) with context path ''
2019-10-24 09:26:16.963  INFO 12660 --- [restartedMain] c.t.b.TynPa01StartApplication            : Started TynPa01StartApplication in 1.464 seconds (JVM running for 573.201)
2019-10-24 09:26:16.966  INFO 12660 --- [restartedMain] c.t.b.r.PropertyRunner                   : =============|PropertyRunner:2|=============
2019-10-24 09:26:16.968 DEBUG 12660 --- [restartedMain] c.t.b.r.PropertyRunner                   : 이름 : chris
2019-10-24 09:26:16.969 DEBUG 12660 --- [restartedMain] c.t.b.r.PropertyRunner                   : 성함 : chris Na2
2019-10-24 09:26:16.969 DEBUG 12660 --- [restartedMain] c.t.b.r.PropertyRunner                   : 나이 : 95
2019-10-24 09:26:16.970  INFO 12660 --- [restartedMain] c.t.b.r.PropertyRunner                   : This is Info Log -> hello prod env
2019-10-24 09:26:16.970 DEBUG 12660 --- [restartedMain] c.t.b.r.PropertyRunner                   : This is Debug Log-> hello test env
2019-10-24 09:26:16.975  INFO 12660 --- [restartedMain] .ConditionEvaluationDeltaLoggingListener : Condition evaluation unchanged
2019-10-24 09:28:07.023  INFO 12660 --- [Thread-16] o.s.s.c.ThreadPoolTaskExecutor           : Shutting down ExecutorService 'applicationTaskExecutor'
2019-10-24 09:28:09.934  INFO 12660 --- [restartedMain] c.t.b.TynPa01StartApplication            : Starting TynPa01StartApplication on DESKTOP-LVR169M with PID 12660 (C:\Users\TY\git\SpringBootMvcSecurity\target\classes started by TY in C:\Users\TY\git\SpringBootMvcSecurity)
2019-10-24 09:28:09.934 DEBUG 12660 --- [restartedMain] c.t.b.TynPa01StartApplication            : Running with Spring Boot v2.1.6.RELEASE, Spring v5.1.6.RELEASE
2019-10-24 09:28:09.934  INFO 12660 --- [restartedMain] c.t.b.TynPa01StartApplication            : The following profiles are active: test
2019-10-24 09:28:11.311  INFO 12660 --- [restartedMain] o.s.b.w.e.t.TomcatWebServer              : Tomcat initialized with port(s): 8888 (http)
2019-10-24 09:28:11.316  INFO 12660 --- [restartedMain] o.a.c.c.StandardService                  : Starting service [Tomcat]
2019-10-24 09:28:11.317  INFO 12660 --- [restartedMain] o.a.c.c.StandardEngine                   : Starting Servlet engine: [Apache Tomcat/9.0.21]
2019-10-24 09:28:11.495  INFO 12660 --- [restartedMain] o.a.c.c.C.[.[.[/]                        : Initializing Spring embedded WebApplicationContext
2019-10-24 09:28:11.495  INFO 12660 --- [restartedMain] o.s.w.c.ContextLoader                    : Root WebApplicationContext: initialization completed in 1555 ms
2019-10-24 09:28:11.684  INFO 12660 --- [restartedMain] o.s.s.c.ThreadPoolTaskExecutor           : Initializing ExecutorService 'applicationTaskExecutor'
2019-10-24 09:28:11.755  INFO 12660 --- [restartedMain] o.s.b.a.w.s.WelcomePageHandlerMapping    : Adding welcome page: class path resource [static/index.html]
2019-10-24 09:28:11.883  INFO 12660 --- [restartedMain] o.s.b.d.a.OptionalLiveReloadServer       : LiveReload server is running on port 35729
2019-10-24 09:28:11.941  INFO 12660 --- [restartedMain] o.s.b.w.e.t.TomcatWebServer              : Tomcat started on port(s): 8888 (http) with context path ''
2019-10-24 09:28:11.944  INFO 12660 --- [restartedMain] c.t.b.TynPa01StartApplication            : Started TynPa01StartApplication in 2.258 seconds (JVM running for 688.182)
2019-10-24 09:28:11.946  INFO 12660 --- [restartedMain] c.t.b.r.PropertyRunner                   : =============|PropertyRunner:2|=============
2019-10-24 09:28:11.947 DEBUG 12660 --- [restartedMain] c.t.b.r.PropertyRunner                   : 이름 : chris
2019-10-24 09:28:11.947 DEBUG 12660 --- [restartedMain] c.t.b.r.PropertyRunner                   : 성함 : chris Na2
2019-10-24 09:28:11.947 DEBUG 12660 --- [restartedMain] c.t.b.r.PropertyRunner                   : 나이 : 26
2019-10-24 09:28:11.947  INFO 12660 --- [restartedMain] c.t.b.r.PropertyRunner                   : This is Info Log -> hello prod env
2019-10-24 09:28:11.948 DEBUG 12660 --- [restartedMain] c.t.b.r.PropertyRunner                   : This is Debug Log-> hello test env
2019-10-24 09:28:11.953  INFO 12660 --- [restartedMain] .ConditionEvaluationDeltaLoggingListener : Condition evaluation unchanged
2019-10-24 09:28:16.668  INFO 12660 --- [Thread-24] o.s.s.c.ThreadPoolTaskExecutor           : Shutting down ExecutorService 'applicationTaskExecutor'
2019-10-24 09:28:46.810  INFO 12660 --- [restartedMain] c.t.b.TynPa01StartApplication            : Starting TynPa01StartApplication on DESKTOP-LVR169M with PID 12660 (C:\Users\TY\git\SpringBootMvcSecurity\target\classes started by TY in C:\Users\TY\git\SpringBootMvcSecurity)
2019-10-24 09:28:46.810 DEBUG 12660 --- [restartedMain] c.t.b.TynPa01StartApplication            : Running with Spring Boot v2.1.6.RELEASE, Spring v5.1.6.RELEASE
2019-10-24 09:28:46.811  INFO 12660 --- [restartedMain] c.t.b.TynPa01StartApplication            : The following profiles are active: test
2019-10-24 09:28:47.767  INFO 12660 --- [restartedMain] o.s.b.w.e.t.TomcatWebServer              : Tomcat initialized with port(s): 8888 (http)
2019-10-24 09:28:47.768  INFO 12660 --- [restartedMain] o.a.c.c.StandardService                  : Starting service [Tomcat]
2019-10-24 09:28:47.768  INFO 12660 --- [restartedMain] o.a.c.c.StandardEngine                   : Starting Servlet engine: [Apache Tomcat/9.0.21]
2019-10-24 09:28:47.846  INFO 12660 --- [restartedMain] o.a.c.c.C.[.[.[/]                        : Initializing Spring embedded WebApplicationContext
2019-10-24 09:28:47.846  INFO 12660 --- [restartedMain] o.s.w.c.ContextLoader                    : Root WebApplicationContext: initialization completed in 1030 ms
2019-10-24 09:28:47.966  INFO 12660 --- [restartedMain] o.s.s.c.ThreadPoolTaskExecutor           : Initializing ExecutorService 'applicationTaskExecutor'
2019-10-24 09:28:48.002  INFO 12660 --- [restartedMain] o.s.b.a.w.s.WelcomePageHandlerMapping    : Adding welcome page: class path resource [static/index.html]
2019-10-24 09:28:48.088  INFO 12660 --- [restartedMain] o.s.b.d.a.OptionalLiveReloadServer       : LiveReload server is running on port 35729
2019-10-24 09:28:48.119  INFO 12660 --- [restartedMain] o.s.b.w.e.t.TomcatWebServer              : Tomcat started on port(s): 8888 (http) with context path ''
2019-10-24 09:28:48.121  INFO 12660 --- [restartedMain] c.t.b.TynPa01StartApplication            : Started TynPa01StartApplication in 1.465 seconds (JVM running for 724.358)
2019-10-24 09:28:48.141  INFO 12660 --- [restartedMain] c.t.b.r.PropertyRunner                   : =============|PropertyRunner:2|=============
2019-10-24 09:28:48.144 DEBUG 12660 --- [restartedMain] c.t.b.r.PropertyRunner                   : 이름 : chris
2019-10-24 09:28:48.144 DEBUG 12660 --- [restartedMain] c.t.b.r.PropertyRunner                   : 성함 : chris Na2
2019-10-24 09:28:48.145 DEBUG 12660 --- [restartedMain] c.t.b.r.PropertyRunner                   : 나이 : 29
2019-10-24 09:28:48.145  INFO 12660 --- [restartedMain] c.t.b.r.PropertyRunner                   : This is Info Log -> hello prod env
2019-10-24 09:28:48.146 DEBUG 12660 --- [restartedMain] c.t.b.r.PropertyRunner                   : This is Debug Log-> hello test env
2019-10-24 09:28:48.149  INFO 12660 --- [restartedMain] .ConditionEvaluationDeltaLoggingListener : Condition evaluation unchanged
2019-10-24 09:31:21.531  INFO 12660 --- [Thread-32] o.s.s.c.ThreadPoolTaskExecutor           : Shutting down ExecutorService 'applicationTaskExecutor'
2019-10-24 09:31:23.009  INFO 12660 --- [restartedMain] c.t.b.TynPa01StartApplication            : Starting TynPa01StartApplication on DESKTOP-LVR169M with PID 12660 (C:\Users\TY\git\SpringBootMvcSecurity\target\classes started by TY in C:\Users\TY\git\SpringBootMvcSecurity)
2019-10-24 09:31:23.010 DEBUG 12660 --- [restartedMain] c.t.b.TynPa01StartApplication            : Running with Spring Boot v2.1.6.RELEASE, Spring v5.1.6.RELEASE
2019-10-24 09:31:23.010  INFO 12660 --- [restartedMain] c.t.b.TynPa01StartApplication            : The following profiles are active: test
2019-10-24 09:31:24.030  INFO 12660 --- [restartedMain] o.s.b.w.e.t.TomcatWebServer              : Tomcat initialized with port(s): 8888 (http)
2019-10-24 09:31:24.032  INFO 12660 --- [restartedMain] o.a.c.c.StandardService                  : Starting service [Tomcat]
2019-10-24 09:31:24.032  INFO 12660 --- [restartedMain] o.a.c.c.StandardEngine                   : Starting Servlet engine: [Apache Tomcat/9.0.21]
2019-10-24 09:31:24.092  INFO 12660 --- [restartedMain] o.a.c.c.C.[.[.[/]                        : Initializing Spring embedded WebApplicationContext
2019-10-24 09:31:24.093  INFO 12660 --- [restartedMain] o.s.w.c.ContextLoader                    : Root WebApplicationContext: initialization completed in 1077 ms
2019-10-24 09:31:24.189  INFO 12660 --- [restartedMain] o.s.s.c.ThreadPoolTaskExecutor           : Initializing ExecutorService 'applicationTaskExecutor'
2019-10-24 09:31:24.233  INFO 12660 --- [restartedMain] o.s.b.a.w.s.WelcomePageHandlerMapping    : Adding welcome page: class path resource [static/index.html]
2019-10-24 09:31:24.335  INFO 12660 --- [restartedMain] o.s.b.d.a.OptionalLiveReloadServer       : LiveReload server is running on port 35729
2019-10-24 09:31:24.369  INFO 12660 --- [restartedMain] o.s.b.w.e.t.TomcatWebServer              : Tomcat started on port(s): 8888 (http) with context path ''
2019-10-24 09:31:24.377  INFO 12660 --- [restartedMain] c.t.b.TynPa01StartApplication            : Started TynPa01StartApplication in 1.564 seconds (JVM running for 880.615)
2019-10-24 09:31:24.385  INFO 12660 --- [restartedMain] c.t.b.r.PropertyRunner                   : =============|PropertyRunner:2|=============
2019-10-24 09:31:24.386 DEBUG 12660 --- [restartedMain] c.t.b.r.PropertyRunner                   : 이름 : chris
2019-10-24 09:31:24.386 DEBUG 12660 --- [restartedMain] c.t.b.r.PropertyRunner                   : 성함 : chris Na2
2019-10-24 09:31:24.386 DEBUG 12660 --- [restartedMain] c.t.b.r.PropertyRunner                   : 나이 : 36
2019-10-24 09:31:24.386  INFO 12660 --- [restartedMain] c.t.b.r.PropertyRunner                   : This is Info Log -> hello prod env
2019-10-24 09:31:24.387 DEBUG 12660 --- [restartedMain] c.t.b.r.PropertyRunner                   : This is Debug Log-> hello test env
2019-10-24 09:31:24.388  INFO 12660 --- [restartedMain] .ConditionEvaluationDeltaLoggingListener : Condition evaluation unchanged
2019-10-24 09:31:50.667  INFO 12660 --- [Thread-43] o.s.s.c.ThreadPoolTaskExecutor           : Shutting down ExecutorService 'applicationTaskExecutor'
2019-10-24 09:31:51.921  INFO 12660 --- [restartedMain] c.t.b.TynPa01StartApplication            : Starting TynPa01StartApplication on DESKTOP-LVR169M with PID 12660 (C:\Users\TY\git\SpringBootMvcSecurity\target\classes started by TY in C:\Users\TY\git\SpringBootMvcSecurity)
2019-10-24 09:31:51.921 DEBUG 12660 --- [restartedMain] c.t.b.TynPa01StartApplication            : Running with Spring Boot v2.1.6.RELEASE, Spring v5.1.6.RELEASE
2019-10-24 09:31:51.922  INFO 12660 --- [restartedMain] c.t.b.TynPa01StartApplication            : The following profiles are active: test
2019-10-24 09:31:52.816  INFO 12660 --- [restartedMain] o.s.b.w.e.t.TomcatWebServer              : Tomcat initialized with port(s): 8888 (http)
2019-10-24 09:31:52.817  INFO 12660 --- [restartedMain] o.a.c.c.StandardService                  : Starting service [Tomcat]
2019-10-24 09:31:52.818  INFO 12660 --- [restartedMain] o.a.c.c.StandardEngine                   : Starting Servlet engine: [Apache Tomcat/9.0.21]
2019-10-24 09:31:52.873  INFO 12660 --- [restartedMain] o.a.c.c.C.[.[.[/]                        : Initializing Spring embedded WebApplicationContext
2019-10-24 09:31:52.874  INFO 12660 --- [restartedMain] o.s.w.c.ContextLoader                    : Root WebApplicationContext: initialization completed in 946 ms
2019-10-24 09:31:52.965  INFO 12660 --- [restartedMain] o.s.s.c.ThreadPoolTaskExecutor           : Initializing ExecutorService 'applicationTaskExecutor'
2019-10-24 09:31:52.995  INFO 12660 --- [restartedMain] o.s.b.a.w.s.WelcomePageHandlerMapping    : Adding welcome page: class path resource [static/index.html]
2019-10-24 09:31:53.077  INFO 12660 --- [restartedMain] o.s.b.d.a.OptionalLiveReloadServer       : LiveReload server is running on port 35729
2019-10-24 09:31:53.107  INFO 12660 --- [restartedMain] o.s.b.w.e.t.TomcatWebServer              : Tomcat started on port(s): 8888 (http) with context path ''
2019-10-24 09:31:53.109  INFO 12660 --- [restartedMain] c.t.b.TynPa01StartApplication            : Started TynPa01StartApplication in 1.324 seconds (JVM running for 909.346)
2019-10-24 09:31:53.114  INFO 12660 --- [restartedMain] c.t.b.r.PropertyRunner                   : =============|PropertyRunner:2|=============
2019-10-24 09:31:53.114 DEBUG 12660 --- [restartedMain] c.t.b.r.PropertyRunner                   : 이름 : chris
2019-10-24 09:31:53.115 DEBUG 12660 --- [restartedMain] c.t.b.r.PropertyRunner                   : 성함 : chris Na2
2019-10-24 09:31:53.118 DEBUG 12660 --- [restartedMain] c.t.b.r.PropertyRunner                   : 나이 : 28
2019-10-24 09:31:53.119  INFO 12660 --- [restartedMain] c.t.b.r.PropertyRunner                   : This is Info Log -> hello prod env
2019-10-24 09:31:53.119 DEBUG 12660 --- [restartedMain] c.t.b.r.PropertyRunner                   : This is Debug Log-> hello test env
2019-10-24 09:31:53.121  INFO 12660 --- [restartedMain] .ConditionEvaluationDeltaLoggingListener : Condition evaluation unchanged
2019-10-24 09:33:58.146  INFO 12660 --- [Thread-51] o.s.s.c.ThreadPoolTaskExecutor           : Shutting down ExecutorService 'applicationTaskExecutor'
2019-10-24 09:33:59.708  INFO 12660 --- [restartedMain] c.t.b.TynPa01StartApplication            : Starting TynPa01StartApplication on DESKTOP-LVR169M with PID 12660 (C:\Users\TY\git\SpringBootMvcSecurity\target\classes started by TY in C:\Users\TY\git\SpringBootMvcSecurity)
2019-10-24 09:33:59.709 DEBUG 12660 --- [restartedMain] c.t.b.TynPa01StartApplication            : Running with Spring Boot v2.1.6.RELEASE, Spring v5.1.6.RELEASE
2019-10-24 09:33:59.709  INFO 12660 --- [restartedMain] c.t.b.TynPa01StartApplication            : The following profiles are active: test
2019-10-24 09:34:00.705  INFO 12660 --- [restartedMain] o.s.b.w.e.t.TomcatWebServer              : Tomcat initialized with port(s): 8888 (http)
2019-10-24 09:34:00.706  INFO 12660 --- [restartedMain] o.a.c.c.StandardService                  : Starting service [Tomcat]
2019-10-24 09:34:00.707  INFO 12660 --- [restartedMain] o.a.c.c.StandardEngine                   : Starting Servlet engine: [Apache Tomcat/9.0.21]
2019-10-24 09:34:00.774  INFO 12660 --- [restartedMain] o.a.c.c.C.[.[.[/]                        : Initializing Spring embedded WebApplicationContext
2019-10-24 09:34:00.775  INFO 12660 --- [restartedMain] o.s.w.c.ContextLoader                    : Root WebApplicationContext: initialization completed in 1060 ms
2019-10-24 09:34:00.858  INFO 12660 --- [restartedMain] o.s.s.c.ThreadPoolTaskExecutor           : Initializing ExecutorService 'applicationTaskExecutor'
2019-10-24 09:34:00.901  INFO 12660 --- [restartedMain] o.s.b.a.w.s.WelcomePageHandlerMapping    : Adding welcome page: class path resource [static/index.html]
2019-10-24 09:34:00.978  INFO 12660 --- [restartedMain] o.s.b.d.a.OptionalLiveReloadServer       : LiveReload server is running on port 35729
2019-10-24 09:34:01.004  INFO 12660 --- [restartedMain] o.s.b.w.e.t.TomcatWebServer              : Tomcat started on port(s): 8888 (http) with context path ''
2019-10-24 09:34:01.006  INFO 12660 --- [restartedMain] c.t.b.TynPa01StartApplication            : Started TynPa01StartApplication in 1.44 seconds (JVM running for 1037.243)
2019-10-24 09:34:01.010  INFO 12660 --- [restartedMain] c.t.b.r.PropertyRunner                   : =============|PropertyRunner:2|=============
2019-10-24 09:34:01.011 DEBUG 12660 --- [restartedMain] c.t.b.r.PropertyRunner                   : 이름 : chris
2019-10-24 09:34:01.011 DEBUG 12660 --- [restartedMain] c.t.b.r.PropertyRunner                   : 성함 : chris Na2
2019-10-24 09:34:01.012 DEBUG 12660 --- [restartedMain] c.t.b.r.PropertyRunner                   : 나이 : 3
2019-10-24 09:34:01.012  INFO 12660 --- [restartedMain] c.t.b.r.PropertyRunner                   : This is Info Log -> hello prod env
2019-10-24 09:34:01.012 DEBUG 12660 --- [restartedMain] c.t.b.r.PropertyRunner                   : This is Debug Log-> hello test env
2019-10-24 09:34:01.015  INFO 12660 --- [restartedMain] .ConditionEvaluationDeltaLoggingListener : Condition evaluation unchanged
2019-10-24 09:34:21.746  INFO 12660 --- [Thread-59] o.s.s.c.ThreadPoolTaskExecutor           : Shutting down ExecutorService 'applicationTaskExecutor'
2019-10-24 09:34:22.984  INFO 12660 --- [restartedMain] c.t.b.TynPa01StartApplication            : Starting TynPa01StartApplication on DESKTOP-LVR169M with PID 12660 (C:\Users\TY\git\SpringBootMvcSecurity\target\classes started by TY in C:\Users\TY\git\SpringBootMvcSecurity)
2019-10-24 09:34:22.984 DEBUG 12660 --- [restartedMain] c.t.b.TynPa01StartApplication            : Running with Spring Boot v2.1.6.RELEASE, Spring v5.1.6.RELEASE
2019-10-24 09:34:22.984  INFO 12660 --- [restartedMain] c.t.b.TynPa01StartApplication            : The following profiles are active: test
2019-10-24 09:34:23.830  INFO 12660 --- [restartedMain] o.s.b.w.e.t.TomcatWebServer              : Tomcat initialized with port(s): 8888 (http)
2019-10-24 09:34:23.832  INFO 12660 --- [restartedMain] o.a.c.c.StandardService                  : Starting service [Tomcat]
2019-10-24 09:34:23.832  INFO 12660 --- [restartedMain] o.a.c.c.StandardEngine                   : Starting Servlet engine: [Apache Tomcat/9.0.21]
2019-10-24 09:34:23.907  INFO 12660 --- [restartedMain] o.a.c.c.C.[.[.[/]                        : Initializing Spring embedded WebApplicationContext
2019-10-24 09:34:23.907  INFO 12660 --- [restartedMain] o.s.w.c.ContextLoader                    : Root WebApplicationContext: initialization completed in 917 ms
2019-10-24 09:34:24.006  INFO 12660 --- [restartedMain] o.s.s.c.ThreadPoolTaskExecutor           : Initializing ExecutorService 'applicationTaskExecutor'
2019-10-24 09:34:24.043  INFO 12660 --- [restartedMain] o.s.b.a.w.s.WelcomePageHandlerMapping    : Adding welcome page: class path resource [static/index.html]
2019-10-24 09:34:24.117  INFO 12660 --- [restartedMain] o.s.b.d.a.OptionalLiveReloadServer       : LiveReload server is running on port 35729
2019-10-24 09:34:24.143  INFO 12660 --- [restartedMain] o.s.b.w.e.t.TomcatWebServer              : Tomcat started on port(s): 8888 (http) with context path ''
2019-10-24 09:34:24.145  INFO 12660 --- [restartedMain] c.t.b.TynPa01StartApplication            : Started TynPa01StartApplication in 1.289 seconds (JVM running for 1060.383)
2019-10-24 09:34:24.152  INFO 12660 --- [restartedMain] c.t.b.r.PropertyRunner                   : =============|PropertyRunner:2|=============
2019-10-24 09:34:24.153 DEBUG 12660 --- [restartedMain] c.t.b.r.PropertyRunner                   : 이름 : chris
2019-10-24 09:34:24.153 DEBUG 12660 --- [restartedMain] c.t.b.r.PropertyRunner                   : 성함 : chris Na2
2019-10-24 09:34:24.153 DEBUG 12660 --- [restartedMain] c.t.b.r.PropertyRunner                   : 나이 : 60
2019-10-24 09:34:24.153  INFO 12660 --- [restartedMain] c.t.b.r.PropertyRunner                   : This is Info Log -> hello prod env
2019-10-24 09:34:24.153 DEBUG 12660 --- [restartedMain] c.t.b.r.PropertyRunner                   : This is Debug Log-> hello test env
2019-10-24 09:34:24.156  INFO 12660 --- [restartedMain] .ConditionEvaluationDeltaLoggingListener : Condition evaluation unchanged
2019-10-24 09:36:44.100  INFO 12660 --- [Thread-67] o.s.s.c.ThreadPoolTaskExecutor           : Shutting down ExecutorService 'applicationTaskExecutor'
2019-10-24 09:36:45.357  INFO 12660 --- [restartedMain] c.t.b.TynPa01StartApplication            : Starting TynPa01StartApplication on DESKTOP-LVR169M with PID 12660 (C:\Users\TY\git\SpringBootMvcSecurity\target\classes started by TY in C:\Users\TY\git\SpringBootMvcSecurity)
2019-10-24 09:36:45.357 DEBUG 12660 --- [restartedMain] c.t.b.TynPa01StartApplication            : Running with Spring Boot v2.1.6.RELEASE, Spring v5.1.6.RELEASE
2019-10-24 09:36:45.357  INFO 12660 --- [restartedMain] c.t.b.TynPa01StartApplication            : The following profiles are active: test
2019-10-24 09:36:46.254  INFO 12660 --- [restartedMain] o.s.b.w.e.t.TomcatWebServer              : Tomcat initialized with port(s): 8888 (http)
2019-10-24 09:36:46.256  INFO 12660 --- [restartedMain] o.a.c.c.StandardService                  : Starting service [Tomcat]
2019-10-24 09:36:46.256  INFO 12660 --- [restartedMain] o.a.c.c.StandardEngine                   : Starting Servlet engine: [Apache Tomcat/9.0.21]
2019-10-24 09:36:46.321  INFO 12660 --- [restartedMain] o.a.c.c.C.[.[.[/]                        : Initializing Spring embedded WebApplicationContext
2019-10-24 09:36:46.322  INFO 12660 --- [restartedMain] o.s.w.c.ContextLoader                    : Root WebApplicationContext: initialization completed in 959 ms
2019-10-24 09:36:46.412  INFO 12660 --- [restartedMain] o.s.s.c.ThreadPoolTaskExecutor           : Initializing ExecutorService 'applicationTaskExecutor'
2019-10-24 09:36:46.438  INFO 12660 --- [restartedMain] o.s.b.a.w.s.WelcomePageHandlerMapping    : Adding welcome page: class path resource [static/index.html]
2019-10-24 09:36:46.506  INFO 12660 --- [restartedMain] o.s.b.d.a.OptionalLiveReloadServer       : LiveReload server is running on port 35729
2019-10-24 09:36:46.533  INFO 12660 --- [restartedMain] o.s.b.w.e.t.TomcatWebServer              : Tomcat started on port(s): 8888 (http) with context path ''
2019-10-24 09:36:46.534  INFO 12660 --- [restartedMain] c.t.b.TynPa01StartApplication            : Started TynPa01StartApplication in 1.306 seconds (JVM running for 1202.772)
2019-10-24 09:36:46.536  INFO 12660 --- [restartedMain] c.t.b.r.PropertyRunner                   : =============|PropertyRunner:2|=============
2019-10-24 09:36:46.537 DEBUG 12660 --- [restartedMain] c.t.b.r.PropertyRunner                   : 이름 : chris
2019-10-24 09:36:46.537 DEBUG 12660 --- [restartedMain] c.t.b.r.PropertyRunner                   : 성함 : chris Na2
2019-10-24 09:36:46.537 DEBUG 12660 --- [restartedMain] c.t.b.r.PropertyRunner                   : 나이 : 3
2019-10-24 09:36:46.538  INFO 12660 --- [restartedMain] c.t.b.r.PropertyRunner                   : This is Info Log -> hello prod env
2019-10-24 09:36:46.538 DEBUG 12660 --- [restartedMain] c.t.b.r.PropertyRunner                   : This is Debug Log-> hello test env
2019-10-24 09:36:46.540  INFO 12660 --- [restartedMain] .ConditionEvaluationDeltaLoggingListener : Condition evaluation unchanged
2019-10-24 09:37:25.008  INFO 12660 --- [RMI TCP Connection(65)-127.0.0.1] inMXBeanRegistrar$SpringApplicationAdmin : Application shutdown requested.
2019-10-24 09:37:25.010  INFO 12660 --- [RMI TCP Connection(65)-127.0.0.1] o.s.s.c.ThreadPoolTaskExecutor           : Shutting down ExecutorService 'applicationTaskExecutor'
